0 info it worked if it ends with ok
1 verbose cli [ '/Users/simonpay/.nvm/versions/node/v6.9.4/bin/node',
1 verbose cli   '/Users/simonpay/.nvm/versions/node/v6.9.4/bin/npm',
1 verbose cli   'run',
1 verbose cli   'test' ]
2 info using npm@3.10.10
3 info using node@v6.9.4
4 verbose run-script [ 'pretest', 'test', 'posttest' ]
5 info lifecycle sass-mq@3.3.2~pretest: sass-mq@3.3.2
6 silly lifecycle sass-mq@3.3.2~pretest: no script for pretest, continuing
7 info lifecycle sass-mq@3.3.2~test: sass-mq@3.3.2
8 verbose lifecycle sass-mq@3.3.2~test: unsafe-perm in lifecycle true
9 verbose lifecycle sass-mq@3.3.2~test: PATH: /Users/simonpay/.nvm/versions/node/v6.9.4/lib/node_modules/npm/bin/node-gyp-bin:/Users/simonpay/Documents/Projects/sass-mq/node_modules/.bin:/Users/simonpay/.nvm/versions/node/v6.9.4/bin:/usr/local/bin:/usr/bin:/bin:/usr/sbin:/sbin:/home/simonp/bin:/usr/local/share/npm/lib/node_modules/grunt-cli/bin
10 verbose lifecycle sass-mq@3.3.2~test: CWD: /Users/simonpay/Documents/Projects/sass-mq
11 silly lifecycle sass-mq@3.3.2~test: Args: [ '-c', './scripts/test.sh' ]
12 silly lifecycle sass-mq@3.3.2~test: Returned: code: 1  signal: null
13 info lifecycle sass-mq@3.3.2~test: Failed to exec test script
14 verbose stack Error: sass-mq@3.3.2 test: `./scripts/test.sh`
14 verbose stack Exit status 1
14 verbose stack     at EventEmitter.<anonymous> (/Users/simonpay/.nvm/versions/node/v6.9.4/lib/node_modules/npm/lib/utils/lifecycle.js:255:16)
14 verbose stack     at emitTwo (events.js:106:13)
14 verbose stack     at EventEmitter.emit (events.js:191:7)
14 verbose stack     at ChildProcess.<anonymous> (/Users/simonpay/.nvm/versions/node/v6.9.4/lib/node_modules/npm/lib/utils/spawn.js:40:14)
14 verbose stack     at emitTwo (events.js:106:13)
14 verbose stack     at ChildProcess.emit (events.js:191:7)
14 verbose stack     at maybeClose (internal/child_process.js:877:16)
14 verbose stack     at Process.ChildProcess._handle.onexit (internal/child_process.js:226:5)
15 verbose pkgid sass-mq@3.3.2
16 verbose cwd /Users/simonpay/Documents/Projects/sass-mq
17 error Darwin 16.6.0
18 error argv "/Users/simonpay/.nvm/versions/node/v6.9.4/bin/node" "/Users/simonpay/.nvm/versions/node/v6.9.4/bin/npm" "run" "test"
19 error node v6.9.4
20 error npm  v3.10.10
21 error code ELIFECYCLE
22 error sass-mq@3.3.2 test: `./scripts/test.sh`
22 error Exit status 1
23 error Failed at the sass-mq@3.3.2 test script './scripts/test.sh'.
23 error Make sure you have the latest version of node.js and npm installed.
23 error If you do, this is most likely a problem with the sass-mq package,
23 error not with npm itself.
23 error Tell the author that this fails on your system:
23 error     ./scripts/test.sh
23 error You can get information on how to open an issue for this project with:
23 error     npm bugs sass-mq
23 error Or if that isn't available, you can get their info via:
23 error     npm owner ls sass-mq
23 error There is likely additional logging output above.
24 verbose exit [ 1, true ]
